<?xml version="1.0" encoding="UTF-8"?>
<testng-results ignored="0" total="1" passed="1" failed="0" skipped="0">
  <reporter-output>
  </reporter-output>
  <suite started-at="2024-08-07T08:06:19 IST" name="Default suite" finished-at="2024-08-07T08:06:19 IST" duration-ms="70">
    <groups>
    </groups>
    <test started-at="2024-08-07T08:06:19 IST" name="Default test" finished-at="2024-08-07T08:06:19 IST" duration-ms="70">
      <class name="testCasesExecute.BeforeAfterTest">
        <test-method is-config="true" signature="beforeTest()[pri:0, instance:testCasesExecute.BeforeAfterTest@48075da3]" started-at="2024-08-07T08:06:19 IST" name="beforeTest" finished-at="2024-08-07T08:06:19 IST" duration-ms="17" status="PASS">
          <reporter-output>
          </reporter-output>
        </test-method> <!-- beforeTest -->
        <test-method signature="add1()[pri:0, instance:testCasesExecute.BeforeAfterTest@48075da3]" started-at="2024-08-07T08:06:19 IST" name="add1" finished-at="2024-08-07T08:06:19 IST" duration-ms="6" status="PASS">
          <reporter-output>
          </reporter-output>
        </test-method> <!-- add1 -->
        <test-method is-config="true" signature="afterTest()[pri:0, instance:testCasesExecute.BeforeAfterTest@48075da3]" started-at="2024-08-07T08:06:19 IST" name="afterTest" finished-at="2024-08-07T08:06:19 IST" duration-ms="1" status="PASS">
          <reporter-output>
          </reporter-output>
        </test-method> <!-- afterTest -->
      </class> <!-- testCasesExecute.BeforeAfterTest -->
    </test> <!-- Default test -->
  </suite> <!-- Default suite -->
</testng-results>
