<?xml version="1.0" encoding="UTF-8"?>
<testng-results ignored="0" total="2" passed="2" failed="0" skipped="0">
  <reporter-output>
  </reporter-output>
  <suite started-at="2024-08-09T09:03:26 IST" name="Default suite" finished-at="2024-08-09T09:03:32 IST" duration-ms="6740">
    <groups>
    </groups>
    <test started-at="2024-08-09T09:03:26 IST" name="Default test" finished-at="2024-08-09T09:03:32 IST" duration-ms="6740">
      <class name="testScript.InputFormPageTest">
        <test-method is-config="true" signature="beforeMethod()[pri:0, instance:testScript.InputFormPageTest@563f38c4]" started-at="2024-08-09T09:03:26 IST" name="beforeMethod" finished-at="2024-08-09T09:03:29 IST" duration-ms="3496" status="PASS">
          <reporter-output>
          </reporter-output>
        </test-method> <!-- beforeMethod -->
        <test-method signature="showMessageDisplay()[pri:1, instance:testScript.InputFormPageTest@563f38c4]" started-at="2024-08-09T09:03:29 IST" name="showMessageDisplay" finished-at="2024-08-09T09:03:29 IST" duration-ms="265" status="PASS">
          <reporter-output>
          </reporter-output>
        </test-method> <!-- showMessageDisplay -->
        <test-method is-config="true" signature="afterMethod()[pri:0, instance:testScript.InputFormPageTest@563f38c4]" started-at="2024-08-09T09:03:29 IST" name="afterMethod" finished-at="2024-08-09T09:03:29 IST" duration-ms="1" status="PASS">
          <reporter-output>
          </reporter-output>
        </test-method> <!-- afterMethod -->
        <test-method is-config="true" signature="beforeMethod()[pri:0, instance:testScript.InputFormPageTest@563f38c4]" started-at="2024-08-09T09:03:29 IST" name="beforeMethod" finished-at="2024-08-09T09:03:32 IST" duration-ms="2683" status="PASS">
          <reporter-output>
          </reporter-output>
        </test-method> <!-- beforeMethod -->
        <test-method signature="sumViewtwoValues()[pri:2, instance:testScript.InputFormPageTest@563f38c4]" started-at="2024-08-09T09:03:32 IST" name="sumViewtwoValues" finished-at="2024-08-09T09:03:32 IST" duration-ms="225" status="PASS">
          <reporter-output>
          </reporter-output>
        </test-method> <!-- sumViewtwoValues -->
        <test-method is-config="true" signature="afterMethod()[pri:0, instance:testScript.InputFormPageTest@563f38c4]" started-at="2024-08-09T09:03:32 IST" name="afterMethod" finished-at="2024-08-09T09:03:32 IST" duration-ms="0" status="PASS">
          <reporter-output>
          </reporter-output>
        </test-method> <!-- afterMethod -->
      </class> <!-- testScript.InputFormPageTest -->
    </test> <!-- Default test -->
  </suite> <!-- Default suite -->
</testng-results>
